2021-12-12 09:57:34.971  INFO 16920 --- [AsyncResolver-bootstrap-executor-0] c.n.d.s.r.aws.ConfigClusterResolver      : Resolving eureka endpoints via configuration
2021-12-12 10:02:34.992  INFO 16920 --- [AsyncResolver-bootstrap-executor-0] c.n.d.s.r.aws.ConfigClusterResolver      : Resolving eureka endpoints via configuration
2021-12-12 10:07:35.005  INFO 16920 --- [AsyncResolver-bootstrap-executor-0] c.n.d.s.r.aws.ConfigClusterResolver      : Resolving eureka endpoints via configuration
2021-12-12 10:12:35.013  INFO 16920 --- [AsyncResolver-bootstrap-executor-0] c.n.d.s.r.aws.ConfigClusterResolver      : Resolving eureka endpoints via configuration
2021-12-12 10:17:35.020  INFO 16920 --- [AsyncResolver-bootstrap-executor-0] c.n.d.s.r.aws.ConfigClusterResolver      : Resolving eureka endpoints via configuration
2021-12-12 10:18:11.704  INFO 16920 --- [Thread-11] o.s.c.n.e.s.EurekaServiceRegistry        : Unregistering application ALBUMS-WS with eureka with status DOWN
2021-12-12 10:18:11.704  WARN 16920 --- [Thread-11] com.netflix.discovery.DiscoveryClient    : Saw local status change event StatusChangeEvent [timestamp=1639284491704, current=DOWN, previous=UP]
2021-12-12 10:18:11.705  INFO 16920 --- [DiscoveryClient-InstanceInfoReplicator-0] com.netflix.discovery.DiscoveryClient    : DiscoveryClient_ALBUMS-WS/albums-ws:6f17a5ffda1ef82ef7f20b5579a21977: registering service...
2021-12-12 10:18:11.710  INFO 16920 --- [DiscoveryClient-InstanceInfoReplicator-0] com.netflix.discovery.DiscoveryClient    : DiscoveryClient_ALBUMS-WS/albums-ws:6f17a5ffda1ef82ef7f20b5579a21977 - registration status: 204
2021-12-12 10:18:11.737  INFO 16920 --- [Thread-11] o.s.s.concurrent.ThreadPoolTaskExecutor  : Shutting down ExecutorService 'applicationTaskExecutor'
2021-12-12 10:18:11.750  INFO 16920 --- [Thread-11] com.netflix.discovery.DiscoveryClient    : Shutting down DiscoveryClient ...
2021-12-12 10:18:14.759  INFO 16920 --- [Thread-11] com.netflix.discovery.DiscoveryClient    : Unregistering ...
2021-12-12 10:18:14.776  INFO 16920 --- [Thread-11] com.netflix.discovery.DiscoveryClient    : DiscoveryClient_ALBUMS-WS/albums-ws:6f17a5ffda1ef82ef7f20b5579a21977 - deregister  status: 200
2021-12-12 10:18:14.786  INFO 16920 --- [Thread-11] com.netflix.discovery.DiscoveryClient    : Completed shut down of DiscoveryClient
2021-12-12 10:18:16.771  INFO 16920 --- [restartedMain] c.a.p.a.a.PhotoAppApiAlbumsApplication   : No active profile set, falling back to default profiles: default
2021-12-12 10:18:17.265  INFO 16920 --- [restartedMain] o.s.cloud.context.scope.GenericScope     : BeanFactory id=fce5687c-8caa-3de7-86f9-d6b89e9c58f8
2021-12-12 10:18:17.290  INFO 16920 --- [restartedMain] trationDelegate$BeanPostProcessorChecker : Bean 'org.springframework.cloud.autoconfigure.ConfigurationPropertiesRebinderAutoConfiguration' of type [org.springframework.cloud.autoconfigure.ConfigurationPropertiesRebinderAutoConfiguration$$EnhancerBySpringCGLIB$$4e52e029] is not eligible for getting processed by all BeanPostProcessors (for example: not eligible for auto-proxying)
2021-12-12 10:18:17.505  INFO 16920 --- [restartedMain] o.s.b.w.embedded.tomcat.TomcatWebServer  : Tomcat initialized with port(s): 0 (http)
2021-12-12 10:18:17.512  INFO 16920 --- [restartedMain] o.apache.catalina.core.StandardService   : Starting service [Tomcat]
2021-12-12 10:18:17.513  INFO 16920 --- [restartedMain] org.apache.catalina.core.StandardEngine  : Starting Servlet engine: [Apache Tomcat/9.0.14]
2021-12-12 10:18:17.568  INFO 16920 --- [restartedMain] o.a.c.c.C.[Tomcat].[localhost].[/]       : Initializing Spring embedded WebApplicationContext
2021-12-12 10:18:17.568  INFO 16920 --- [restartedMain] o.s.web.context.ContextLoader            : Root WebApplicationContext: initialization completed in 794 ms
2021-12-12 10:18:18.377  WARN 16920 --- [restartedMain] c.n.c.sources.URLConfigurationSource     : No URLs will be polled as dynamic configuration sources.
2021-12-12 10:18:18.378  INFO 16920 --- [restartedMain] c.n.c.sources.URLConfigurationSource     : To enable URLs as dynamic configuration sources, define System property archaius.configurationSource.additionalUrls or make config.properties available on classpath.
2021-12-12 10:18:18.463  INFO 16920 --- [restartedMain] o.s.s.concurrent.ThreadPoolTaskExecutor  : Initializing ExecutorService 'applicationTaskExecutor'
2021-12-12 10:18:18.611  INFO 16920 --- [restartedMain] o.s.b.d.a.OptionalLiveReloadServer       : LiveReload server is running on port 35729
2021-12-12 10:18:19.232  INFO 16920 --- [restartedMain] o.s.b.a.e.web.EndpointLinksResolver      : Exposing 2 endpoint(s) beneath base path '/actuator'
2021-12-12 10:18:19.313  INFO 16920 --- [restartedMain] o.s.b.w.embedded.tomcat.TomcatWebServer  : Tomcat started on port(s): 49558 (http) with context path ''
2021-12-12 10:18:19.314  INFO 16920 --- [restartedMain] .s.c.n.e.s.EurekaAutoServiceRegistration : Updating port to 49558
2021-12-12 10:18:19.316  INFO 16920 --- [restartedMain] o.s.c.n.eureka.InstanceInfoFactory       : Setting initial instance status as: STARTING
2021-12-12 10:18:19.324  INFO 16920 --- [restartedMain] com.netflix.discovery.DiscoveryClient    : Initializing Eureka in region us-east-1
2021-12-12 10:18:19.327  INFO 16920 --- [restartedMain] c.n.d.provider.DiscoveryJerseyProvider   : Using JSON encoding codec LegacyJacksonJson
2021-12-12 10:18:19.328  INFO 16920 --- [restartedMain] c.n.d.provider.DiscoveryJerseyProvider   : Using JSON decoding codec LegacyJacksonJson
2021-12-12 10:18:19.328  INFO 16920 --- [restartedMain] c.n.d.provider.DiscoveryJerseyProvider   : Using XML encoding codec XStreamXml
2021-12-12 10:18:19.328  INFO 16920 --- [restartedMain] c.n.d.provider.DiscoveryJerseyProvider   : Using XML decoding codec XStreamXml
2021-12-12 10:18:19.429  INFO 16920 --- [restartedMain] c.n.d.s.r.aws.ConfigClusterResolver      : Resolving eureka endpoints via configuration
2021-12-12 10:18:19.441  INFO 16920 --- [restartedMain] com.netflix.discovery.DiscoveryClient    : Disable delta property : false
2021-12-12 10:18:19.441  INFO 16920 --- [restartedMain] com.netflix.discovery.DiscoveryClient    : Single vip registry refresh property : null
2021-12-12 10:18:19.441  INFO 16920 --- [restartedMain] com.netflix.discovery.DiscoveryClient    : Force full registry fetch : false
2021-12-12 10:18:19.441  INFO 16920 --- [restartedMain] com.netflix.discovery.DiscoveryClient    : Application is null : false
2021-12-12 10:18:19.441  INFO 16920 --- [restartedMain] com.netflix.discovery.DiscoveryClient    : Registered Applications size is zero : true
2021-12-12 10:18:19.441  INFO 16920 --- [restartedMain] com.netflix.discovery.DiscoveryClient    : Application version is -1: true
2021-12-12 10:18:19.442  INFO 16920 --- [restartedMain] com.netflix.discovery.DiscoveryClient    : Getting all instance registry info from the eureka server
2021-12-12 10:18:19.447  INFO 16920 --- [restartedMain] com.netflix.discovery.DiscoveryClient    : The response status is 200
2021-12-12 10:18:19.448  INFO 16920 --- [restartedMain] com.netflix.discovery.DiscoveryClient    : Starting heartbeat executor: renew interval is: 30
2021-12-12 10:18:19.449  INFO 16920 --- [restartedMain] c.n.discovery.InstanceInfoReplicator     : InstanceInfoReplicator onDemand update allowed rate per min is 4
2021-12-12 10:18:19.451  INFO 16920 --- [restartedMain] com.netflix.discovery.DiscoveryClient    : Discovery Client initialized at timestamp 1639284499451 with initial instances count: 2
2021-12-12 10:18:19.452  INFO 16920 --- [restartedMain] o.s.c.n.e.s.EurekaServiceRegistry        : Registering application ALBUMS-WS with eureka with status UP
2021-12-12 10:18:19.452  INFO 16920 --- [restartedMain] com.netflix.discovery.DiscoveryClient    : Saw local status change event StatusChangeEvent [timestamp=1639284499452, current=UP, previous=STARTING]
2021-12-12 10:18:19.453  INFO 16920 --- [DiscoveryClient-InstanceInfoReplicator-0] com.netflix.discovery.DiscoveryClient    : DiscoveryClient_ALBUMS-WS/albums-ws:feb76f6acba491a65bf41cabd3fdd5ae: registering service...
2021-12-12 10:18:19.455  INFO 16920 --- [restartedMain] c.a.p.a.a.PhotoAppApiAlbumsApplication   : Started PhotoAppApiAlbumsApplication in 3.969 seconds (JVM running for 69881.897)
2021-12-12 10:18:19.460  INFO 16920 --- [restartedMain] .ConditionEvaluationDeltaLoggingListener : Condition evaluation unchanged
2021-12-12 10:18:19.469  INFO 16920 --- [DiscoveryClient-InstanceInfoReplicator-0] com.netflix.discovery.DiscoveryClient    : DiscoveryClient_ALBUMS-WS/albums-ws:feb76f6acba491a65bf41cabd3fdd5ae - registration status: 204
2021-12-12 10:23:19.455  INFO 16920 --- [AsyncResolver-bootstrap-executor-0] c.n.d.s.r.aws.ConfigClusterResolver      : Resolving eureka endpoints via configuration
2021-12-12 10:28:19.458  INFO 16920 --- [AsyncResolver-bootstrap-executor-0] c.n.d.s.r.aws.ConfigClusterResolver      : Resolving eureka endpoints via configuration
2021-12-12 10:30:26.890  INFO 16920 --- [http-nio-auto-2-exec-1] o.a.c.c.C.[Tomcat].[localhost].[/]       : Initializing Spring DispatcherServlet 'dispatcherServlet'
2021-12-12 10:30:26.890  INFO 16920 --- [http-nio-auto-2-exec-1] o.s.web.servlet.DispatcherServlet        : Initializing Servlet 'dispatcherServlet'
2021-12-12 10:30:26.897  INFO 16920 --- [http-nio-auto-2-exec-1] o.s.web.servlet.DispatcherServlet        : Completed initialization in 6 ms
2021-12-12 10:30:26.906  INFO 16920 --- [http-nio-auto-2-exec-1] c.a.p.a.a.i.c.AlbumsController           : Returning 2 albums
2021-12-12 10:33:19.467  INFO 16920 --- [AsyncResolver-bootstrap-executor-0] c.n.d.s.r.aws.ConfigClusterResolver      : Resolving eureka endpoints via configuration
2021-12-12 10:33:22.184  INFO 16920 --- [http-nio-auto-2-exec-2] c.a.p.a.a.i.c.AlbumsController           : Returning 2 albums
2021-12-12 10:38:19.472  INFO 16920 --- [AsyncResolver-bootstrap-executor-0] c.n.d.s.r.aws.ConfigClusterResolver      : Resolving eureka endpoints via configuration
2021-12-12 10:43:19.488  INFO 16920 --- [AsyncResolver-bootstrap-executor-0] c.n.d.s.r.aws.ConfigClusterResolver      : Resolving eureka endpoints via configuration
2021-12-12 10:48:19.505  INFO 16920 --- [AsyncResolver-bootstrap-executor-0] c.n.d.s.r.aws.ConfigClusterResolver      : Resolving eureka endpoints via configuration
2021-12-12 10:53:19.510  INFO 16920 --- [AsyncResolver-bootstrap-executor-0] c.n.d.s.r.aws.ConfigClusterResolver      : Resolving eureka endpoints via configuration
2021-12-12 10:58:19.524  INFO 16920 --- [AsyncResolver-bootstrap-executor-0] c.n.d.s.r.aws.ConfigClusterResolver      : Resolving eureka endpoints via configuration
2021-12-12 10:58:25.327  INFO 16920 --- [http-nio-auto-2-exec-4] c.a.p.a.a.i.c.AlbumsController           : Returning 2 albums
2021-12-12 11:03:19.539  INFO 16920 --- [AsyncResolver-bootstrap-executor-0] c.n.d.s.r.aws.ConfigClusterResolver      : Resolving eureka endpoints via configuration
2021-12-12 11:08:19.554  INFO 16920 --- [AsyncResolver-bootstrap-executor-0] c.n.d.s.r.aws.ConfigClusterResolver      : Resolving eureka endpoints via configuration
2021-12-12 11:13:19.567  INFO 16920 --- [AsyncResolver-bootstrap-executor-0] c.n.d.s.r.aws.ConfigClusterResolver      : Resolving eureka endpoints via configuration
2021-12-12 11:18:19.580  INFO 16920 --- [AsyncResolver-bootstrap-executor-0] c.n.d.s.r.aws.ConfigClusterResolver      : Resolving eureka endpoints via configuration
2021-12-12 11:23:19.583  INFO 16920 --- [AsyncResolver-bootstrap-executor-0] c.n.d.s.r.aws.ConfigClusterResolver      : Resolving eureka endpoints via configuration
2021-12-12 11:28:19.593  INFO 16920 --- [AsyncResolver-bootstrap-executor-0] c.n.d.s.r.aws.ConfigClusterResolver      : Resolving eureka endpoints via configuration
2021-12-12 11:33:19.606  INFO 16920 --- [AsyncResolver-bootstrap-executor-0] c.n.d.s.r.aws.ConfigClusterResolver      : Resolving eureka endpoints via configuration
2021-12-12 11:38:19.623  INFO 16920 --- [AsyncResolver-bootstrap-executor-0] c.n.d.s.r.aws.ConfigClusterResolver      : Resolving eureka endpoints via configuration
2021-12-12 11:43:19.629  INFO 16920 --- [AsyncResolver-bootstrap-executor-0] c.n.d.s.r.aws.ConfigClusterResolver      : Resolving eureka endpoints via configuration
2021-12-12 11:48:19.638  INFO 16920 --- [AsyncResolver-bootstrap-executor-0] c.n.d.s.r.aws.ConfigClusterResolver      : Resolving eureka endpoints via configuration
2021-12-12 11:53:19.646  INFO 16920 --- [AsyncResolver-bootstrap-executor-0] c.n.d.s.r.aws.ConfigClusterResolver      : Resolving eureka endpoints via configuration
2021-12-12 11:58:19.660  INFO 16920 --- [AsyncResolver-bootstrap-executor-0] c.n.d.s.r.aws.ConfigClusterResolver      : Resolving eureka endpoints via configuration
2021-12-12 12:03:19.672  INFO 16920 --- [AsyncResolver-bootstrap-executor-0] c.n.d.s.r.aws.ConfigClusterResolver      : Resolving eureka endpoints via configuration
2021-12-12 12:03:47.540  INFO 16920 --- [RMI TCP Connection(2)-127.0.0.1] inMXBeanRegistrar$SpringApplicationAdmin : Application shutdown requested.
2021-12-12 12:03:47.544  INFO 16920 --- [RMI TCP Connection(2)-127.0.0.1] o.s.c.n.e.s.EurekaServiceRegistry        : Unregistering application ALBUMS-WS with eureka with status DOWN
2021-12-12 12:03:47.544  WARN 16920 --- [RMI TCP Connection(2)-127.0.0.1] com.netflix.discovery.DiscoveryClient    : Saw local status change event StatusChangeEvent [timestamp=1639290827544, current=DOWN, previous=UP]
2021-12-12 12:03:47.545  INFO 16920 --- [DiscoveryClient-InstanceInfoReplicator-0] com.netflix.discovery.DiscoveryClient    : DiscoveryClient_ALBUMS-WS/albums-ws:feb76f6acba491a65bf41cabd3fdd5ae: registering service...
2021-12-12 12:03:47.553  INFO 16920 --- [DiscoveryClient-InstanceInfoReplicator-0] com.netflix.discovery.DiscoveryClient    : DiscoveryClient_ALBUMS-WS/albums-ws:feb76f6acba491a65bf41cabd3fdd5ae - registration status: 204
2021-12-12 12:03:47.554  INFO 16920 --- [RMI TCP Connection(2)-127.0.0.1] o.s.s.concurrent.ThreadPoolTaskExecutor  : Shutting down ExecutorService 'applicationTaskExecutor'
2021-12-12 12:03:47.557  INFO 16920 --- [RMI TCP Connection(2)-127.0.0.1] com.netflix.discovery.DiscoveryClient    : Shutting down DiscoveryClient ...
2021-12-12 12:03:50.567  INFO 16920 --- [RMI TCP Connection(2)-127.0.0.1] com.netflix.discovery.DiscoveryClient    : Unregistering ...
2021-12-12 12:03:50.583  INFO 16920 --- [RMI TCP Connection(2)-127.0.0.1] com.netflix.discovery.DiscoveryClient    : DiscoveryClient_ALBUMS-WS/albums-ws:feb76f6acba491a65bf41cabd3fdd5ae - deregister  status: 200
2021-12-12 12:03:50.592  INFO 16920 --- [RMI TCP Connection(2)-127.0.0.1] com.netflix.discovery.DiscoveryClient    : Completed shut down of DiscoveryClient
2021-12-12 12:03:50.921  INFO 16920 --- [RMI TCP Connection(2)-127.0.0.1] o.apache.catalina.core.StandardService   : Stopping service [Tomcat]
2021-12-12 12:03:50.924  INFO 16920 --- [RMI TCP Connection(2)-127.0.0.1] o.a.c.c.C.[Tomcat].[localhost].[/]       : Destroying Spring FrameworkServlet 'dispatcherServlet'
